17676:C 15 Apr 11:45:21.715 # Warning: no config file specified, using the default config. In order to specify a config file use redis-server /path/to/redis.conf
17676:M 15 Apr 11:45:21.716 * Increased maximum number of open files to 10032 (it was originally set to 1024).
                _._                                                  
           _.-``__ ''-._                                             
      _.-``    `.  `_.  ''-._           Redis 3.2.8 (00000000/0) 64 bit
  .-`` .-```.  ```\/    _.,_ ''-._                                   
 (    '      ,       .-`  | `,    )     Running in standalone mode
 |`-._`-...-` __...-.``-._|'` _.-'|     Port: 6379
 |    `-._   `._    /     _.-'    |     PID: 17676
  `-._    `-._  `-./  _.-'    _.-'                                   
 |`-._`-._    `-.__.-'    _.-'_.-'|                                  
 |    `-._`-._        _.-'_.-'    |           http://redis.io        
  `-._    `-._`-.__.-'_.-'    _.-'                                   
 |`-._`-._    `-.__.-'    _.-'_.-'|                                  
 |    `-._`-._        _.-'_.-'    |                                  
  `-._    `-._`-.__.-'_.-'    _.-'                                   
      `-._    `-.__.-'    _.-'                                       
          `-._        _.-'                                           
              `-.__.-'                                               

17676:M 15 Apr 11:45:21.718 # WARNING: The TCP backlog setting of 511 cannot be enforced because /proc/sys/net/core/somaxconn is set to the lower value of 128.
17676:M 15 Apr 11:45:21.718 # Server started, Redis version 3.2.8
17676:M 15 Apr 11:45:21.718 # WARNING overcommit_memory is set to 0! Background save may fail under low memory condition. To fix this issue add 'vm.overcommit_memory = 1' to /etc/sysctl.conf and then reboot or run the command 'sysctl vm.overcommit_memory=1' for this to take effect.
17676:M 15 Apr 11:45:21.718 # WARNING you have Transparent Huge Pages (THP) support enabled in your kernel. This will create latency and memory usage issues with Redis. To fix this issue run the command 'echo never > /sys/kernel/mm/transparent_hugepage/enabled' as root, and add it to your /etc/rc.local in order to retain the setting after a reboot. Redis must be restarted after THP is disabled.
17676:M 15 Apr 11:45:21.718 * The server is now ready to accept connections on port 6379
17676:M 15 Apr 12:45:22.099 * 1 changes in 3600 seconds. Saving...
17676:M 15 Apr 12:45:22.100 * Background saving started by pid 21054
21054:C 15 Apr 12:45:22.222 * DB saved on disk
21054:C 15 Apr 12:45:22.223 * RDB: 6 MB of memory used by copy-on-write
17676:M 15 Apr 12:45:22.301 * Background saving terminated with success
17676:M 15 Apr 17:35:50.349 * 1 changes in 3600 seconds. Saving...
17676:M 15 Apr 17:35:50.351 * Background saving started by pid 28088
28088:C 15 Apr 17:35:50.447 * DB saved on disk
28088:C 15 Apr 17:35:50.447 * RDB: 6 MB of memory used by copy-on-write
17676:M 15 Apr 17:35:50.452 * Background saving terminated with success
17676:M 15 Apr 18:35:51.081 * 1 changes in 3600 seconds. Saving...
17676:M 15 Apr 18:35:51.081 * Background saving started by pid 29768
29768:C 15 Apr 18:35:51.191 * DB saved on disk
29768:C 15 Apr 18:35:51.191 * RDB: 6 MB of memory used by copy-on-write
17676:M 15 Apr 18:35:51.281 * Background saving terminated with success
17676:M 15 Apr 20:28:49.509 * 1 changes in 3600 seconds. Saving...
17676:M 15 Apr 20:28:49.509 * Background saving started by pid 4514
4514:C 15 Apr 20:28:49.589 * DB saved on disk
4514:C 15 Apr 20:28:49.589 * RDB: 6 MB of memory used by copy-on-write
17676:M 15 Apr 20:28:49.609 * Background saving terminated with success
